<?xml version="1.0" encoding="UTF-8"?>
<testng-results skipped="0" failed="0" ignored="0" total="1" passed="1">
  <reporter-output>
  </reporter-output>
  <suite name="Default suite" duration-ms="20617" started-at="2019-08-10T15:02:06Z" finished-at="2019-08-10T15:02:26Z">
    <groups>
    </groups>
    <test name="Default test" duration-ms="20617" started-at="2019-08-10T15:02:06Z" finished-at="2019-08-10T15:02:26Z">
      <class name="day4.CompareMobileProducts">
        <test-method status="PASS" signature="compareProducts()[pri:0, instance:day4.CompareMobileProducts@28d25987]" name="compareProducts" duration-ms="20583" started-at="2019-08-10T15:02:06Z" finished-at="2019-08-10T15:02:26Z">
          <reporter-output>
          </reporter-output>
        </test-method> <!-- compareProducts -->
      </class> <!-- day4.CompareMobileProducts -->
    </test> <!-- Default test -->
  </suite> <!-- Default suite -->
</testng-results>
